<!DOCTYPE html PUBLIC "-//W3C//DTD XHTML 1.1//EN" "https://www.w3.org/TR/xhtml11/DTD/xhtml11.dtd">
<html xmlns="https://www.w3.org/1999/xhtml">
<head>
<meta http-equiv="content-type" content="text/html; charset=UTF-8"/>
<title>TestNG Report</title>
<style type="text/css">table {margin-bottom:10px;border-collapse:collapse;empty-cells:show}th,td {border:1px solid #009;padding:.25em .5em}th {vertical-align:bottom}td {vertical-align:top}table a {font-weight:bold}.stripe td {background-color: #E6EBF9}.num {text-align:right}.passedodd td {background-color: #3F3}.passedeven td {background-color: #0A0}.skippedodd td {background-color: #DDD}.skippedeven td {background-color: #CCC}.failedodd td,.attn {background-color: #F33}.failedeven td,.stripe .attn {background-color: #D00}.stacktrace {white-space:pre;font-family:monospace}.totop {font-size:85%;text-align:center;border-bottom:2px solid #000}.invisible {display:none}</style>
</head>
<body>
<table>
<tr><th>Test</th><th># Passed</th><th># Skipped</th><th># Retried</th><th># Failed</th><th>Time (ms)</th><th>Included Groups</th><th>Excluded Groups</th></tr>
<tr><th colspan="8">Suite</th></tr>
<tr><td><a href="#t0">Test</a></td><td class="num">0</td><td class="num">0</td><td class="num">0</td><td class="num attn">26</td><td class="num">817</td><td></td><td></td></tr>
</table>
<table id='summary'><thead><tr><th>Class</th><th>Method</th><th>Start</th><th>Time (ms)</th></tr></thead><tbody><tr><th colspan="4">Suite</th></tr></tbody><tbody id="t0"><tr><th colspan="4">Test &#8212; failed (configuration methods)</th></tr><tr class="failedeven"><td rowspan="1">TestClasses.OverviewPageTest</td><td><a href="#m0">quitBrowser</a></td><td rowspan="1">1687850635866</td><td rowspan="1">0</td></tr><tr><th colspan="4">Test &#8212; failed</th></tr><tr class="failedeven"><td rowspan="3">TestClasses.ChatPageTest</td><td><a href="#m1">ChatModEntering</a></td><td rowspan="1">1687850635352</td><td rowspan="1">7</td></tr><tr class="failedeven"><td><a href="#m2">MsgSending</a></td><td rowspan="1">1687850635368</td><td rowspan="1">3</td></tr><tr class="failedeven"><td><a href="#m3">chats</a></td><td rowspan="1">1687850635362</td><td rowspan="1">2</td></tr><tr class="failedodd"><td rowspan="5">TestClasses.EventPageTest</td><td><a href="#m4">AddingEvent</a></td><td rowspan="1">1687850635226</td><td rowspan="1">12</td></tr><tr class="failedodd"><td><a href="#m5">DisplayEventsCount</a></td><td rowspan="1">1687850635210</td><td rowspan="1">4</td></tr><tr class="failedodd"><td><a href="#m6">EditingEvents</a></td><td rowspan="1">1687850635248</td><td rowspan="1">7</td></tr><tr class="failedodd"><td><a href="#m7">EventsDisplaying</a></td><td rowspan="1">1687850635243</td><td rowspan="1">2</td></tr><tr class="failedodd"><td><a href="#m8">inactivatingEvents</a></td><td rowspan="1">1687850635263</td><td rowspan="1">2</td></tr><tr class="failedeven"><td rowspan="6">TestClasses.HousePageTest</td><td><a href="#m9">ChangingYearInVayu</a></td><td rowspan="1">1687850634845</td><td rowspan="1">10</td></tr><tr class="failedeven"><td><a href="#m10">DownloadingData</a></td><td rowspan="1">1687850634869</td><td rowspan="1">9</td></tr><tr class="failedeven"><td><a href="#m11">GivingPriv</a></td><td rowspan="1">1687850635036</td><td rowspan="1">22</td></tr><tr class="failedeven"><td><a href="#m12">PaginationTest</a></td><td rowspan="1">1687850634937</td><td rowspan="1">66</td></tr><tr class="failedeven"><td><a href="#m13">SearchingAssociate</a></td><td rowspan="1">1687850635031</td><td rowspan="1">0</td></tr><tr class="failedeven"><td><a href="#m14">UserMod</a></td><td rowspan="1">1687850635096</td><td rowspan="1">2</td></tr><tr class="failedodd"><td rowspan="5">TestClasses.OverviewPageTest</td><td><a href="#m15">DisplaySuperad</a></td><td rowspan="1">1687850634775</td><td rowspan="1">3</td></tr><tr class="failedodd"><td><a href="#m16">EventsModule</a></td><td rowspan="1">1687850634816</td><td rowspan="1">11</td></tr><tr class="failedodd"><td><a href="#m17">TotalCards</a></td><td rowspan="1">1687850634787</td><td rowspan="1">6</td></tr><tr class="failedodd"><td><a href="#m18">displayingCards</a></td><td rowspan="1">1687850634662</td><td rowspan="1">23</td></tr><tr class="failedodd"><td><a href="#m19">selectingCalender</a></td><td rowspan="1">1687850634716</td><td rowspan="1">3</td></tr><tr class="failedeven"><td rowspan="2">TestClasses.ProfilePageTest</td><td><a href="#m20">ProfileModuleEntering</a></td><td rowspan="1">1687850635267</td><td rowspan="1">48</td></tr><tr class="failedeven"><td><a href="#m21">updatingImage</a></td><td rowspan="1">1687850635348</td><td rowspan="1">2</td></tr><tr class="failedodd"><td rowspan="5">TestClasses.UsersPageTest</td><td><a href="#m22">AddPrivileges</a></td><td rowspan="1">1687850635186</td><td rowspan="1">2</td></tr><tr class="failedodd"><td><a href="#m23">AddingHouseFilters</a></td><td rowspan="1">1687850635175</td><td rowspan="1">2</td></tr><tr class="failedodd"><td><a href="#m24">AddingLocationFilters</a></td><td rowspan="1">1687850635149</td><td rowspan="1">2</td></tr><tr class="failedodd"><td><a href="#m25">EventsMod</a></td><td rowspan="1">1687850635195</td><td rowspan="1">9</td></tr><tr class="failedodd"><td><a href="#m26">searchingAssociate</a></td><td rowspan="1">1687850635110</td><td rowspan="1">5</td></tr></tbody>
</table>
<h2>Test</h2><h3 id="m0">TestClasses.OverviewPageTest#quitBrowser</h3><table class="result"><tr><th>Exception</th></tr><tr><td><div class="stacktrace">java.lang.NullPointerException: Cannot invoke &quot;org.openqa.selenium.WebDriver.quit()&quot; because &quot;Baseclass.BaseC.driver&quot; is null
	at Baseclass.BaseC.quitBrowser(BaseC.java:56)
... Removed 19 stack frames</div></td></tr></table><p class="totop"><a href="#summary">back to summary</a></p>
<h3 id="m1">TestClasses.ChatPageTest#ChatModEntering</h3><table class="result"><tr><th>Exception</th></tr><tr><td><div class="stacktrace">java.lang.NullPointerException: Cannot invoke &quot;org.openqa.selenium.SearchContext.findElement(org.openqa.selenium.By)&quot; because &quot;this.searchContext&quot; is null
	at org.openqa.selenium.support.pagefactory.DefaultElementLocator.findElement(DefaultElementLocator.java:70)
	at org.openqa.selenium.support.pagefactory.internal.LocatingElementHandler.invoke(LocatingElementHandler.java:39)
	at jdk.proxy2/jdk.proxy2.$Proxy12.click(Unknown Source)
	at PageOrderModel.ChatsPage.enteringChatMod(ChatsPage.java:42)
	at TestClasses.ChatPageTest.ChatModEntering(ChatPageTest.java:13)
	at java.base/java.util.ArrayList.forEach(ArrayList.java:1511)
... Removed 27 stack frames</div></td></tr></table><p class="totop"><a href="#summary">back to summary</a></p>
<h3 id="m2">TestClasses.ChatPageTest#MsgSending</h3><table class="result"><tr><th>Exception</th></tr><tr><td><div class="stacktrace">java.lang.NullPointerException: Cannot invoke &quot;org.openqa.selenium.WebDriver.findElement(org.openqa.selenium.By)&quot; because &quot;this.driver&quot; is null
	at PageOrderModel.ChatsPage.sendingMsg(ChatsPage.java:80)
	at TestClasses.ChatPageTest.MsgSending(ChatPageTest.java:24)
	at java.base/java.util.ArrayList.forEach(ArrayList.java:1511)
... Removed 27 stack frames</div></td></tr></table><p class="totop"><a href="#summary">back to summary</a></p>
<h3 id="m3">TestClasses.ChatPageTest#chats</h3><table class="result"><tr><th>Exception</th></tr><tr><td><div class="stacktrace">java.lang.NullPointerException: Cannot invoke &quot;org.openqa.selenium.SearchContext.findElement(org.openqa.selenium.By)&quot; because &quot;this.searchContext&quot; is null
	at org.openqa.selenium.support.pagefactory.DefaultElementLocator.findElement(DefaultElementLocator.java:70)
	at org.openqa.selenium.support.pagefactory.internal.LocatingElementHandler.invoke(LocatingElementHandler.java:39)
	at jdk.proxy2/jdk.proxy2.$Proxy12.isEnabled(Unknown Source)
	at PageOrderModel.ChatsPage.chatActions(ChatsPage.java:62)
	at TestClasses.ChatPageTest.chats(ChatPageTest.java:19)
	at java.base/java.util.ArrayList.forEach(ArrayList.java:1511)
... Removed 27 stack frames</div></td></tr></table><p class="totop"><a href="#summary">back to summary</a></p>
<h3 id="m4">TestClasses.EventPageTest#AddingEvent</h3><table class="result"><tr><th>Exception</th></tr><tr><td><div class="stacktrace">java.lang.NullPointerException: Cannot invoke &quot;org.openqa.selenium.WebDriver.findElement(org.openqa.selenium.By)&quot; because &quot;this.driver&quot; is null
	at PageOrderModel.EventsPage.AddEventName(EventsPage.java:94)
	at TestClasses.EventPageTest.AddingEvent(EventPageTest.java:21)
	at java.base/java.util.ArrayList.forEach(ArrayList.java:1511)
... Removed 27 stack frames</div></td></tr></table><p class="totop"><a href="#summary">back to summary</a></p>
<h3 id="m5">TestClasses.EventPageTest#DisplayEventsCount</h3><table class="result"><tr><th>Exception</th></tr><tr><td><div class="stacktrace">java.lang.NullPointerException: Cannot invoke &quot;org.openqa.selenium.SearchContext.findElement(org.openqa.selenium.By)&quot; because &quot;this.searchContext&quot; is null
	at org.openqa.selenium.support.pagefactory.DefaultElementLocator.findElement(DefaultElementLocator.java:70)
	at org.openqa.selenium.support.pagefactory.internal.LocatingElementHandler.invoke(LocatingElementHandler.java:39)
	at jdk.proxy2/jdk.proxy2.$Proxy12.isDisplayed(Unknown Source)
	at PageOrderModel.EventsPage.addEventsBtnDisplay(EventsPage.java:77)
	at TestClasses.EventPageTest.DisplayEventsCount(EventPageTest.java:14)
	at java.base/java.util.ArrayList.forEach(ArrayList.java:1511)
... Removed 27 stack frames</div></td></tr></table><p class="totop"><a href="#summary">back to summary</a></p>
<h3 id="m6">TestClasses.EventPageTest#EditingEvents</h3><table class="result"><tr><th>Exception</th></tr><tr><td><div class="stacktrace">java.lang.NullPointerException: Cannot invoke &quot;org.openqa.selenium.WebDriver.findElement(org.openqa.selenium.By)&quot; because &quot;this.driver&quot; is null
	at PageOrderModel.EventsPage.editEvents(EventsPage.java:166)
	at TestClasses.EventPageTest.EditingEvents(EventPageTest.java:34)
	at java.base/java.util.ArrayList.forEach(ArrayList.java:1511)
... Removed 27 stack frames</div></td></tr></table><p class="totop"><a href="#summary">back to summary</a></p>
<h3 id="m7">TestClasses.EventPageTest#EventsDisplaying</h3><table class="result"><tr><th>Exception</th></tr><tr><td><div class="stacktrace">java.lang.IllegalArgumentException: Input must be set
	at org.openqa.selenium.internal.Require.nonNull(Require.java:59)
	at org.openqa.selenium.support.ui.FluentWait.&lt;init&gt;(FluentWait.java:97)
	at org.openqa.selenium.support.ui.WebDriverWait.&lt;init&gt;(WebDriverWait.java:77)
	at org.openqa.selenium.support.ui.WebDriverWait.&lt;init&gt;(WebDriverWait.java:46)
	at PageOrderModel.EventsPage.makeGridView(EventsPage.java:156)
	at TestClasses.EventPageTest.EventsDisplaying(EventPageTest.java:29)
	at java.base/java.util.ArrayList.forEach(ArrayList.java:1511)
... Removed 27 stack frames</div></td></tr></table><p class="totop"><a href="#summary">back to summary</a></p>
<h3 id="m8">TestClasses.EventPageTest#inactivatingEvents</h3><table class="result"><tr><th>Exception</th></tr><tr><td><div class="stacktrace">java.lang.NullPointerException: Cannot invoke &quot;org.openqa.selenium.WebDriver.findElement(org.openqa.selenium.By)&quot; because &quot;this.driver&quot; is null
	at PageOrderModel.EventsPage.inactivedEvent(EventsPage.java:181)
	at TestClasses.EventPageTest.inactivatingEvents(EventPageTest.java:39)
	at java.base/java.util.ArrayList.forEach(ArrayList.java:1511)
... Removed 27 stack frames</div></td></tr></table><p class="totop"><a href="#summary">back to summary</a></p>
<h3 id="m9">TestClasses.HousePageTest#ChangingYearInVayu</h3><table class="result"><tr><th>Exception</th></tr><tr><td><div class="stacktrace">java.lang.NullPointerException: Cannot invoke &quot;org.openqa.selenium.SearchContext.findElement(org.openqa.selenium.By)&quot; because &quot;this.searchContext&quot; is null
	at org.openqa.selenium.support.pagefactory.DefaultElementLocator.findElement(DefaultElementLocator.java:70)
	at org.openqa.selenium.support.pagefactory.internal.LocatingElementHandler.invoke(LocatingElementHandler.java:39)
	at jdk.proxy2/jdk.proxy2.$Proxy12.equals(Unknown Source)
	at PageOrderModel.HousePage.changeYear(HousePage.java:57)
	at TestClasses.HousePageTest.ChangingYearInVayu(HousePageTest.java:15)
	at java.base/java.util.ArrayList.forEach(ArrayList.java:1511)
... Removed 27 stack frames</div></td></tr></table><p class="totop"><a href="#summary">back to summary</a></p>
<h3 id="m10">TestClasses.HousePageTest#DownloadingData</h3><table class="result"><tr><th>Exception</th></tr><tr><td><div class="stacktrace">java.lang.NullPointerException: Cannot invoke &quot;org.openqa.selenium.WebDriver.findElements(org.openqa.selenium.By)&quot; because &quot;this.driver&quot; is null
	at PageOrderModel.HousePage.downloadData(HousePage.java:88)
	at TestClasses.HousePageTest.DownloadingData(HousePageTest.java:22)
	at java.base/java.util.ArrayList.forEach(ArrayList.java:1511)
... Removed 27 stack frames</div></td></tr></table><p class="totop"><a href="#summary">back to summary</a></p>
<h3 id="m11">TestClasses.HousePageTest#GivingPriv</h3><table class="result"><tr><th>Exception</th></tr><tr><td><div class="stacktrace">java.lang.IllegalArgumentException: Input must be set
	at org.openqa.selenium.internal.Require.nonNull(Require.java:59)
	at org.openqa.selenium.support.ui.FluentWait.&lt;init&gt;(FluentWait.java:97)
	at org.openqa.selenium.support.ui.WebDriverWait.&lt;init&gt;(WebDriverWait.java:77)
	at org.openqa.selenium.support.ui.WebDriverWait.&lt;init&gt;(WebDriverWait.java:46)
	at PageOrderModel.HousePage.AddingPrivilege(HousePage.java:138)
	at TestClasses.HousePageTest.GivingPriv(HousePageTest.java:38)
	at java.base/java.util.ArrayList.forEach(ArrayList.java:1511)
... Removed 27 stack frames</div></td></tr></table><p class="totop"><a href="#summary">back to summary</a></p>
<h3 id="m12">TestClasses.HousePageTest#PaginationTest</h3><table class="result"><tr><th>Exception</th></tr><tr><td><div class="stacktrace">java.lang.IllegalArgumentException: Driver must be set
	at org.openqa.selenium.internal.Require.nonNull(Require.java:59)
	at org.openqa.selenium.interactions.Actions.&lt;init&gt;(Actions.java:60)
	at PageOrderModel.HousePage.pagination(HousePage.java:99)
	at TestClasses.HousePageTest.PaginationTest(HousePageTest.java:28)
	at java.base/java.util.ArrayList.forEach(ArrayList.java:1511)
... Removed 27 stack frames</div></td></tr></table><p class="totop"><a href="#summary">back to summary</a></p>
<h3 id="m13">TestClasses.HousePageTest#SearchingAssociate</h3><table class="result"><tr><th>Exception</th></tr><tr><td><div class="stacktrace">org.testng.TestNGException: 
Cannot inject @Test annotated Method [SearchingAssociate] with [class java.lang.String].
For more information on native dependency injection please refer to https://testng.org/doc/documentation-main.html#native-dependency-injection
	at java.base/java.util.ArrayList.forEach(ArrayList.java:1511)
... Removed 26 stack frames</div></td></tr></table><p class="totop"><a href="#summary">back to summary</a></p>
<h3 id="m14">TestClasses.HousePageTest#UserMod</h3><table class="result"><tr><th>Exception</th></tr><tr><td><div class="stacktrace">java.lang.IllegalArgumentException: Input must be set
	at org.openqa.selenium.internal.Require.nonNull(Require.java:59)
	at org.openqa.selenium.support.ui.FluentWait.&lt;init&gt;(FluentWait.java:97)
	at org.openqa.selenium.support.ui.WebDriverWait.&lt;init&gt;(WebDriverWait.java:77)
	at org.openqa.selenium.support.ui.WebDriverWait.&lt;init&gt;(WebDriverWait.java:46)
	at PageOrderModel.HousePage.EnteringUsersMod(HousePage.java:147)
	at TestClasses.HousePageTest.UserMod(HousePageTest.java:43)
	at java.base/java.util.ArrayList.forEach(ArrayList.java:1511)
... Removed 27 stack frames</div></td></tr></table><p class="totop"><a href="#summary">back to summary</a></p>
<h3 id="m15">TestClasses.OverviewPageTest#DisplaySuperad</h3><table class="result"><tr><th>Exception</th></tr><tr><td><div class="stacktrace">java.lang.NullPointerException: Cannot invoke &quot;org.openqa.selenium.SearchContext.findElement(org.openqa.selenium.By)&quot; because &quot;this.searchContext&quot; is null
	at org.openqa.selenium.support.pagefactory.DefaultElementLocator.findElement(DefaultElementLocator.java:70)
	at org.openqa.selenium.support.pagefactory.internal.LocatingElementHandler.invoke(LocatingElementHandler.java:39)
	at jdk.proxy2/jdk.proxy2.$Proxy12.isDisplayed(Unknown Source)
	at PageOrderModel.OverviewPage.displayingSuperAdm(OverviewPage.java:63)
	at TestClasses.OverviewPageTest.DisplaySuperad(OverviewPageTest.java:22)
	at java.base/java.util.ArrayList.forEach(ArrayList.java:1511)
... Removed 27 stack frames</div></td></tr></table><p class="totop"><a href="#summary">back to summary</a></p>
<h3 id="m16">TestClasses.OverviewPageTest#EventsModule</h3><table class="result"><tr><th>Exception</th></tr><tr><td><div class="stacktrace">java.lang.NullPointerException: Cannot invoke &quot;org.openqa.selenium.WebDriver.findElement(org.openqa.selenium.By)&quot; because &quot;this.driver&quot; is null
	at PageOrderModel.OverviewPage.ClickingOnHouseMod(OverviewPage.java:78)
	at TestClasses.OverviewPageTest.EventsModule(OverviewPageTest.java:28)
	at java.base/java.util.ArrayList.forEach(ArrayList.java:1511)
... Removed 27 stack frames</div></td></tr></table><p class="totop"><a href="#summary">back to summary</a></p>
<h3 id="m17">TestClasses.OverviewPageTest#TotalCards</h3><table class="result"><tr><th>Exception</th></tr><tr><td><div class="stacktrace">java.lang.NullPointerException: Cannot invoke &quot;org.openqa.selenium.WebDriver.findElements(org.openqa.selenium.By)&quot; because &quot;this.driver&quot; is null
	at PageOrderModel.OverviewPage.TotalWhatsHappeningCards(OverviewPage.java:69)
	at TestClasses.OverviewPageTest.TotalCards(OverviewPageTest.java:25)
	at java.base/java.util.ArrayList.forEach(ArrayList.java:1511)
... Removed 27 stack frames</div></td></tr></table><p class="totop"><a href="#summary">back to summary</a></p>
<h3 id="m18">TestClasses.OverviewPageTest#displayingCards</h3><table class="result"><tr><th>Exception</th></tr><tr><td><div class="stacktrace">java.lang.NullPointerException: Cannot invoke &quot;org.openqa.selenium.WebDriver.findElements(org.openqa.selenium.By)&quot; because &quot;this.driver&quot; is null
	at PageOrderModel.OverviewPage.displayingHouseCards(OverviewPage.java:36)
	at TestClasses.OverviewPageTest.displayingCards(OverviewPageTest.java:14)
	at java.base/java.util.ArrayList.forEach(ArrayList.java:1511)
... Removed 27 stack frames</div></td></tr></table><p class="totop"><a href="#summary">back to summary</a></p>
<h3 id="m19">TestClasses.OverviewPageTest#selectingCalender</h3><table class="result"><tr><th>Exception</th></tr><tr><td><div class="stacktrace">java.lang.NullPointerException: Cannot invoke &quot;org.openqa.selenium.WebDriver.manage()&quot; because &quot;this.driver&quot; is null
	at PageOrderModel.OverviewPage.OverviewCalender(OverviewPage.java:46)
	at TestClasses.OverviewPageTest.selectingCalender(OverviewPageTest.java:19)
	at java.base/java.util.ArrayList.forEach(ArrayList.java:1511)
... Removed 27 stack frames</div></td></tr></table><p class="totop"><a href="#summary">back to summary</a></p>
<h3 id="m20">TestClasses.ProfilePageTest#ProfileModuleEntering</h3><table class="result"><tr><th>Exception</th></tr><tr><td><div class="stacktrace">java.lang.NullPointerException: Cannot invoke &quot;org.openqa.selenium.SearchContext.findElement(org.openqa.selenium.By)&quot; because &quot;this.searchContext&quot; is null
	at org.openqa.selenium.support.pagefactory.DefaultElementLocator.findElement(DefaultElementLocator.java:70)
	at org.openqa.selenium.support.pagefactory.internal.LocatingElementHandler.invoke(LocatingElementHandler.java:39)
	at jdk.proxy2/jdk.proxy2.$Proxy12.isEnabled(Unknown Source)
	at PageOrderModel.ProfilePage.EnteringProfileMod(ProfilePage.java:40)
	at TestClasses.ProfilePageTest.ProfileModuleEntering(ProfilePageTest.java:15)
	at java.base/java.util.ArrayList.forEach(ArrayList.java:1511)
... Removed 27 stack frames</div></td></tr></table><p class="totop"><a href="#summary">back to summary</a></p>
<h3 id="m21">TestClasses.ProfilePageTest#updatingImage</h3><table class="result"><tr><th>Exception</th></tr><tr><td><div class="stacktrace">java.lang.IllegalArgumentException: Driver must be set
	at org.openqa.selenium.internal.Require.nonNull(Require.java:59)
	at org.openqa.selenium.interactions.Actions.&lt;init&gt;(Actions.java:60)
	at PageOrderModel.ProfilePage.changeImage(ProfilePage.java:51)
	at TestClasses.ProfilePageTest.updatingImage(ProfilePageTest.java:20)
	at java.base/java.util.ArrayList.forEach(ArrayList.java:1511)
... Removed 27 stack frames</div></td></tr></table><p class="totop"><a href="#summary">back to summary</a></p>
<h3 id="m22">TestClasses.UsersPageTest#AddPrivileges</h3><table class="result"><tr><th>Exception</th></tr><tr><td><div class="stacktrace">java.lang.NullPointerException: Cannot invoke &quot;org.openqa.selenium.SearchContext.findElement(org.openqa.selenium.By)&quot; because &quot;this.searchContext&quot; is null
	at org.openqa.selenium.support.pagefactory.DefaultElementLocator.findElement(DefaultElementLocator.java:70)
	at org.openqa.selenium.support.pagefactory.internal.LocatingElementHandler.invoke(LocatingElementHandler.java:39)
	at jdk.proxy2/jdk.proxy2.$Proxy12.isEnabled(Unknown Source)
	at PageOrderModel.UsersPage.addingPrivilege(UsersPage.java:185)
	at TestClasses.UsersPageTest.AddPrivileges(UsersPageTest.java:30)
	at java.base/java.util.ArrayList.forEach(ArrayList.java:1511)
... Removed 27 stack frames</div></td></tr></table><p class="totop"><a href="#summary">back to summary</a></p>
<h3 id="m23">TestClasses.UsersPageTest#AddingHouseFilters</h3><table class="result"><tr><th>Exception</th></tr><tr><td><div class="stacktrace">java.lang.NullPointerException: Cannot invoke &quot;org.openqa.selenium.SearchContext.findElement(org.openqa.selenium.By)&quot; because &quot;this.searchContext&quot; is null
	at org.openqa.selenium.support.pagefactory.DefaultElementLocator.findElement(DefaultElementLocator.java:70)
	at org.openqa.selenium.support.pagefactory.internal.LocatingElementHandler.invoke(LocatingElementHandler.java:39)
	at jdk.proxy2/jdk.proxy2.$Proxy12.click(Unknown Source)
	at PageOrderModel.UsersPage.HousewiseFilter(UsersPage.java:151)
	at TestClasses.UsersPageTest.AddingHouseFilters(UsersPageTest.java:26)
	at java.base/java.util.ArrayList.forEach(ArrayList.java:1511)
... Removed 27 stack frames</div></td></tr></table><p class="totop"><a href="#summary">back to summary</a></p>
<h3 id="m24">TestClasses.UsersPageTest#AddingLocationFilters</h3><table class="result"><tr><th>Exception</th></tr><tr><td><div class="stacktrace">java.lang.NullPointerException: Cannot invoke &quot;org.openqa.selenium.SearchContext.findElement(org.openqa.selenium.By)&quot; because &quot;this.searchContext&quot; is null
	at org.openqa.selenium.support.pagefactory.DefaultElementLocator.findElement(DefaultElementLocator.java:70)
	at org.openqa.selenium.support.pagefactory.internal.LocatingElementHandler.invoke(LocatingElementHandler.java:39)
	at jdk.proxy2/jdk.proxy2.$Proxy12.click(Unknown Source)
	at PageOrderModel.UsersPage.AddingFilters(UsersPage.java:124)
	at TestClasses.UsersPageTest.AddingLocationFilters(UsersPageTest.java:23)
	at java.base/java.util.ArrayList.forEach(ArrayList.java:1511)
... Removed 27 stack frames</div></td></tr></table><p class="totop"><a href="#summary">back to summary</a></p>
<h3 id="m25">TestClasses.UsersPageTest#EventsMod</h3><table class="result"><tr><th>Exception</th></tr><tr><td><div class="stacktrace">java.lang.NullPointerException: Cannot invoke &quot;org.openqa.selenium.SearchContext.findElement(org.openqa.selenium.By)&quot; because &quot;this.searchContext&quot; is null
	at org.openqa.selenium.support.pagefactory.DefaultElementLocator.findElement(DefaultElementLocator.java:70)
	at org.openqa.selenium.support.pagefactory.internal.LocatingElementHandler.invoke(LocatingElementHandler.java:39)
	at jdk.proxy2/jdk.proxy2.$Proxy12.click(Unknown Source)
	at PageOrderModel.UsersPage.EnteringEventsMod(UsersPage.java:206)
	at TestClasses.UsersPageTest.EventsMod(UsersPageTest.java:33)
	at java.base/java.util.ArrayList.forEach(ArrayList.java:1511)
... Removed 27 stack frames</div></td></tr></table><p class="totop"><a href="#summary">back to summary</a></p>
<h3 id="m26">TestClasses.UsersPageTest#searchingAssociate</h3><table class="result"><tr><th>Exception</th></tr><tr><td><div class="stacktrace">java.lang.NullPointerException: Cannot invoke &quot;org.openqa.selenium.SearchContext.findElement(org.openqa.selenium.By)&quot; because &quot;this.searchContext&quot; is null
	at org.openqa.selenium.support.pagefactory.DefaultElementLocator.findElement(DefaultElementLocator.java:70)
	at org.openqa.selenium.support.pagefactory.internal.LocatingElementHandler.invoke(LocatingElementHandler.java:39)
	at jdk.proxy2/jdk.proxy2.$Proxy12.clear(Unknown Source)
	at PageOrderModel.UsersPage.searchingAciveAssociate(UsersPage.java:111)
	at TestClasses.UsersPageTest.searchingAssociate(UsersPageTest.java:18)
	at java.base/java.util.ArrayList.forEach(ArrayList.java:1511)
... Removed 27 stack frames</div></td></tr></table><p class="totop"><a href="#summary">back to summary</a></p>
</body>
</html>
